2025-01-13 22:01:32.815 | INFO     | utils.utils_logger:<module>:38 - Logging to file: logs\project_log.log
2025-01-13 22:01:32.816 | INFO     | __main__:main:106 - START producer...
2025-01-13 22:01:32.816 | INFO     | __main__:main:107 - Hit CTRL c (or CMD c) to close.
2025-01-13 22:01:32.817 | INFO     | __main__:get_message_interval:53 - Messages will be sent every 3 seconds.
2025-01-13 22:01:32.817 | INFO     | __main__:main:114 - I just tried an app! It was boring.
2025-01-13 22:01:35.817 | INFO     | __main__:main:114 - I just saw an app! It was exciting.
2025-01-13 22:01:38.818 | INFO     | __main__:main:114 - I just tried a story! It was weird.
2025-01-13 22:01:41.820 | INFO     | __main__:main:114 - I just found a movie! It was exciting.
2025-01-13 22:01:44.822 | INFO     | __main__:main:114 - I just saw an app! It was exciting.
2025-01-13 22:01:47.823 | INFO     | __main__:main:114 - I just found an app! It was amazing.
2025-01-13 22:01:50.824 | INFO     | __main__:main:114 - I just tried a meme! It was weird.
2025-01-13 22:01:53.825 | INFO     | __main__:main:114 - I just saw a meme! It was funny.
2025-01-13 22:01:56.826 | INFO     | __main__:main:114 - I just loved a story! It was weird.
2025-01-13 22:01:59.827 | INFO     | __main__:main:114 - I just saw a trick! It was funny.
2025-01-13 22:02:02.829 | INFO     | __main__:main:114 - I just found a meme! It was exciting.
2025-01-13 22:02:05.830 | INFO     | __main__:main:114 - I just loved a story! It was amazing.
2025-01-13 22:02:08.831 | INFO     | __main__:main:114 - I just tried an app! It was exciting.
2025-01-13 22:02:11.832 | INFO     | __main__:main:114 - I just tried a trick! It was funny.
2025-01-13 22:02:14.833 | INFO     | __main__:main:114 - I just found a trick! It was exciting.
2025-01-13 22:02:17.836 | INFO     | __main__:main:114 - I just saw a meme! It was exciting.
2025-01-13 22:02:20.837 | INFO     | __main__:main:114 - I just shared a story! It was amazing.
2025-01-13 22:02:23.838 | INFO     | __main__:main:114 - I just loved a movie! It was boring.
2025-01-13 22:02:26.839 | INFO     | __main__:main:114 - I just saw a story! It was exciting.
2025-01-13 22:02:29.840 | INFO     | __main__:main:114 - I just found a trick! It was funny.
2025-01-13 22:02:32.841 | INFO     | __main__:main:114 - I just saw a story! It was weird.
2025-01-13 22:02:35.842 | INFO     | __main__:main:114 - I just tried an app! It was boring.
2025-01-13 22:02:38.844 | INFO     | __main__:main:114 - I just saw a story! It was funny.
2025-01-13 22:02:41.845 | INFO     | __main__:main:114 - I just tried a trick! It was weird.
2025-01-13 22:02:44.888 | INFO     | __main__:main:114 - I just loved a story! It was amazing.
2025-01-13 22:02:47.890 | INFO     | __main__:main:114 - I just loved an app! It was boring.
2025-01-13 22:02:50.891 | INFO     | __main__:main:114 - I just saw a story! It was exciting.
2025-01-13 22:02:53.897 | INFO     | __main__:main:114 - I just shared a story! It was amazing.
2025-01-13 22:02:56.899 | INFO     | __main__:main:114 - I just saw a movie! It was boring.
2025-01-13 22:02:59.900 | INFO     | __main__:main:114 - I just saw a movie! It was amazing.
2025-01-13 22:03:02.903 | INFO     | __main__:main:114 - I just saw a meme! It was boring.
2025-01-13 22:03:05.909 | INFO     | __main__:main:114 - I just tried a meme! It was amazing.
2025-01-13 22:03:08.911 | INFO     | __main__:main:114 - I just shared a story! It was amazing.
2025-01-13 22:03:11.911 | INFO     | __main__:main:114 - I just saw a trick! It was weird.
2025-01-13 22:03:14.913 | INFO     | __main__:main:114 - I just shared a meme! It was weird.
2025-01-13 22:03:17.914 | INFO     | __main__:main:114 - I just tried a meme! It was amazing.
2025-01-13 22:03:20.915 | INFO     | __main__:main:114 - I just saw a trick! It was amazing.
2025-01-13 22:03:23.916 | INFO     | __main__:main:114 - I just tried an app! It was funny.
2025-01-13 22:03:26.917 | INFO     | __main__:main:114 - I just saw a movie! It was amazing.
2025-01-13 22:03:29.918 | INFO     | __main__:main:114 - I just saw a trick! It was boring.
2025-01-13 22:03:32.514 | INFO     | utils.utils_logger:<module>:38 - Logging to file: logs\project_log.log
2025-01-13 22:03:32.515 | INFO     | __main__:main:106 - START producer...
2025-01-13 22:03:32.515 | INFO     | __main__:main:107 - Hit CTRL c (or CMD c) to close.
2025-01-13 22:03:32.515 | INFO     | __main__:get_message_interval:53 - Messages will be sent every 3 seconds.
2025-01-13 22:03:32.516 | INFO     | __main__:main:114 - I just shared a movie! It was boring.
2025-01-13 22:03:32.920 | INFO     | __main__:main:114 - I just saw a trick! It was funny.
2025-01-13 22:03:35.517 | INFO     | __main__:main:114 - I just saw a trick! It was weird.
2025-01-13 22:03:35.921 | INFO     | __main__:main:114 - I just found a meme! It was exciting.
2025-01-13 22:03:38.518 | INFO     | __main__:main:114 - I just loved a story! It was boring.
2025-01-13 22:03:38.922 | INFO     | __main__:main:114 - I just loved a story! It was weird.
2025-01-13 22:03:41.518 | INFO     | __main__:main:114 - I just saw a trick! It was amazing.
2025-01-13 22:03:41.923 | INFO     | __main__:main:114 - I just tried a meme! It was weird.
2025-01-13 22:03:44.519 | INFO     | __main__:main:114 - I just shared an app! It was weird.
2025-01-13 22:03:44.924 | INFO     | __main__:main:114 - I just loved a trick! It was amazing.
2025-01-13 22:03:47.520 | INFO     | __main__:main:114 - I just found an app! It was amazing.
2025-01-13 22:03:47.925 | INFO     | __main__:main:114 - I just shared a trick! It was funny.
2025-01-13 22:03:50.521 | INFO     | __main__:main:114 - I just loved a meme! It was boring.
2025-01-13 22:03:50.926 | INFO     | __main__:main:114 - I just found a meme! It was funny.
2025-01-13 22:03:53.521 | INFO     | __main__:main:114 - I just found an app! It was amazing.
2025-01-13 22:03:53.927 | INFO     | __main__:main:114 - I just tried a meme! It was exciting.
2025-01-13 22:03:56.522 | INFO     | __main__:main:114 - I just found an app! It was exciting.
2025-01-13 22:03:56.928 | INFO     | __main__:main:114 - I just found a trick! It was boring.
2025-01-13 22:03:59.523 | INFO     | __main__:main:114 - I just shared a movie! It was amazing.
2025-01-13 22:03:59.929 | INFO     | __main__:main:114 - I just loved a trick! It was amazing.
2025-01-13 22:04:02.524 | INFO     | __main__:main:114 - I just loved a story! It was boring.
2025-01-13 22:04:02.931 | INFO     | __main__:main:114 - I just tried a story! It was amazing.
2025-01-13 22:04:05.525 | INFO     | __main__:main:114 - I just tried a trick! It was amazing.
2025-01-13 22:04:05.932 | INFO     | __main__:main:114 - I just saw a story! It was funny.
2025-01-13 22:04:08.527 | INFO     | __main__:main:114 - I just shared an app! It was boring.
2025-01-13 22:04:08.933 | INFO     | __main__:main:114 - I just tried a story! It was boring.
2025-01-13 22:04:11.527 | INFO     | __main__:main:114 - I just found a story! It was boring.
2025-01-13 22:04:11.934 | INFO     | __main__:main:114 - I just found a movie! It was boring.
2025-01-13 22:04:14.528 | INFO     | __main__:main:114 - I just tried a trick! It was exciting.
2025-01-13 22:04:14.935 | INFO     | __main__:main:114 - I just shared a movie! It was weird.
2025-01-13 22:04:17.529 | INFO     | __main__:main:114 - I just shared a movie! It was weird.
2025-01-13 22:04:17.936 | INFO     | __main__:main:114 - I just saw a movie! It was amazing.
2025-01-13 22:04:20.530 | INFO     | __main__:main:114 - I just tried an app! It was exciting.
2025-01-13 22:04:20.937 | INFO     | __main__:main:114 - I just tried a movie! It was funny.
2025-01-13 22:04:23.532 | INFO     | __main__:main:114 - I just shared a trick! It was amazing.
2025-01-13 22:04:23.938 | INFO     | __main__:main:114 - I just tried a trick! It was funny.
2025-01-13 22:04:26.533 | INFO     | __main__:main:114 - I just found a movie! It was funny.
2025-01-13 22:04:26.940 | INFO     | __main__:main:114 - I just found a movie! It was funny.
2025-01-13 22:04:29.534 | INFO     | __main__:main:114 - I just saw an app! It was exciting.
2025-01-13 22:04:29.941 | INFO     | __main__:main:114 - I just shared an app! It was weird.
2025-01-13 22:04:32.536 | INFO     | __main__:main:114 - I just found a story! It was weird.
2025-01-13 22:04:32.942 | INFO     | __main__:main:114 - I just tried a story! It was boring.
2025-01-13 22:04:35.538 | INFO     | __main__:main:114 - I just shared a meme! It was weird.
2025-01-13 22:04:35.943 | INFO     | __main__:main:114 - I just found a trick! It was exciting.
2025-01-13 22:04:38.538 | INFO     | __main__:main:114 - I just loved an app! It was funny.
2025-01-13 22:04:38.944 | INFO     | __main__:main:114 - I just shared an app! It was boring.
2025-01-13 22:04:41.540 | INFO     | __main__:main:114 - I just found a meme! It was amazing.
2025-01-13 22:04:41.945 | INFO     | __main__:main:114 - I just shared an app! It was exciting.
2025-01-13 22:04:44.541 | INFO     | __main__:main:114 - I just shared a story! It was funny.
2025-01-13 22:04:44.946 | INFO     | __main__:main:114 - I just tried a story! It was funny.
2025-01-13 22:04:47.947 | INFO     | __main__:main:114 - I just saw a meme! It was exciting.
2025-01-13 22:04:50.948 | INFO     | __main__:main:114 - I just tried a story! It was boring.
2025-01-13 22:04:53.949 | INFO     | __main__:main:114 - I just shared an app! It was amazing.
2025-01-13 22:04:56.950 | INFO     | __main__:main:114 - I just tried a trick! It was boring.
2025-01-13 22:04:59.952 | INFO     | __main__:main:114 - I just loved a story! It was funny.
2025-01-13 22:05:02.953 | INFO     | __main__:main:114 - I just tried a movie! It was funny.
2025-01-13 22:05:05.954 | INFO     | __main__:main:114 - I just loved a meme! It was amazing.
2025-01-13 22:05:08.955 | INFO     | __main__:main:114 - I just saw an app! It was weird.
2025-01-13 22:05:11.956 | INFO     | __main__:main:114 - I just tried a meme! It was amazing.
2025-01-13 22:05:14.957 | INFO     | __main__:main:114 - I just shared a movie! It was exciting.
2025-01-13 22:05:17.958 | INFO     | __main__:main:114 - I just loved a movie! It was exciting.
2025-01-13 22:05:20.960 | INFO     | __main__:main:114 - I just shared a movie! It was exciting.
2025-01-13 22:05:23.962 | INFO     | __main__:main:114 - I just shared a trick! It was boring.
2025-01-13 22:05:26.963 | INFO     | __main__:main:114 - I just found a meme! It was boring.
2025-01-13 22:05:29.965 | INFO     | __main__:main:114 - I just found a story! It was exciting.
2025-01-13 22:05:32.966 | INFO     | __main__:main:114 - I just saw a trick! It was exciting.
2025-01-13 22:05:35.967 | INFO     | __main__:main:114 - I just tried a meme! It was amazing.
2025-01-13 22:05:38.968 | INFO     | __main__:main:114 - I just loved an app! It was boring.
2025-01-13 22:05:41.969 | INFO     | __main__:main:114 - I just shared an app! It was exciting.
2025-01-13 22:05:44.969 | INFO     | __main__:main:114 - I just found a meme! It was weird.
2025-01-13 22:05:47.970 | INFO     | __main__:main:114 - I just tried a movie! It was amazing.
2025-01-13 22:05:50.971 | INFO     | __main__:main:114 - I just saw a trick! It was exciting.
2025-01-13 22:05:53.972 | INFO     | __main__:main:114 - I just saw an app! It was funny.
2025-01-13 22:05:56.973 | INFO     | __main__:main:114 - I just loved a movie! It was funny.
2025-01-13 22:05:59.974 | INFO     | __main__:main:114 - I just shared a movie! It was amazing.
2025-01-13 22:06:02.975 | INFO     | __main__:main:114 - I just loved a movie! It was boring.
2025-01-13 22:06:05.976 | INFO     | __main__:main:114 - I just tried a movie! It was exciting.
2025-01-13 22:06:08.977 | INFO     | __main__:main:114 - I just shared a movie! It was boring.
2025-01-13 22:06:11.978 | INFO     | __main__:main:114 - I just tried a trick! It was boring.
2025-01-13 22:06:14.979 | INFO     | __main__:main:114 - I just found a movie! It was funny.
2025-01-13 22:06:17.980 | INFO     | __main__:main:114 - I just saw a movie! It was boring.
2025-01-13 22:06:20.981 | INFO     | __main__:main:114 - I just loved a story! It was boring.
2025-01-13 22:06:23.982 | INFO     | __main__:main:114 - I just tried a trick! It was exciting.
2025-01-13 22:06:26.984 | INFO     | __main__:main:114 - I just found a trick! It was weird.
2025-01-13 22:06:29.985 | INFO     | __main__:main:114 - I just tried a movie! It was amazing.
2025-01-13 22:06:32.986 | INFO     | __main__:main:114 - I just loved a story! It was amazing.
2025-01-13 22:06:35.987 | INFO     | __main__:main:114 - I just loved an app! It was exciting.
2025-01-13 22:06:38.989 | INFO     | __main__:main:114 - I just saw an app! It was boring.
2025-01-13 22:06:41.990 | INFO     | __main__:main:114 - I just tried a story! It was weird.
2025-01-13 22:06:44.991 | INFO     | __main__:main:114 - I just found a trick! It was amazing.
2025-01-13 22:06:47.992 | INFO     | __main__:main:114 - I just saw an app! It was exciting.
2025-01-13 22:06:50.993 | INFO     | __main__:main:114 - I just loved an app! It was weird.
2025-01-13 22:06:53.994 | INFO     | __main__:main:114 - I just tried a story! It was amazing.
2025-01-13 22:06:56.995 | INFO     | __main__:main:114 - I just loved an app! It was funny.
2025-01-13 22:06:59.997 | INFO     | __main__:main:114 - I just shared a movie! It was exciting.
2025-01-13 22:07:02.998 | INFO     | __main__:main:114 - I just saw a trick! It was boring.
2025-01-13 22:07:05.999 | INFO     | __main__:main:114 - I just tried a movie! It was funny.
2025-01-13 22:07:09.000 | INFO     | __main__:main:114 - I just shared a meme! It was amazing.
2025-01-13 22:07:12.001 | INFO     | __main__:main:114 - I just tried a movie! It was weird.
2025-01-13 22:07:15.003 | INFO     | __main__:main:114 - I just loved a meme! It was funny.
2025-01-13 22:07:18.004 | INFO     | __main__:main:114 - I just tried an app! It was weird.
2025-01-13 22:07:21.004 | INFO     | __main__:main:114 - I just tried a meme! It was funny.
2025-01-13 22:07:24.006 | INFO     | __main__:main:114 - I just saw a meme! It was weird.
2025-01-13 22:07:27.007 | INFO     | __main__:main:114 - I just tried a trick! It was weird.
2025-01-13 22:07:30.008 | INFO     | __main__:main:114 - I just loved a trick! It was funny.
2025-01-13 22:07:33.010 | INFO     | __main__:main:114 - I just tried a trick! It was exciting.
2025-01-13 22:07:36.012 | INFO     | __main__:main:114 - I just tried an app! It was weird.
2025-01-13 22:07:39.014 | INFO     | __main__:main:114 - I just shared a meme! It was funny.
2025-01-13 22:07:42.015 | INFO     | __main__:main:114 - I just saw a movie! It was weird.
2025-01-13 22:07:45.016 | INFO     | __main__:main:114 - I just found a story! It was exciting.
2025-01-13 22:07:48.017 | INFO     | __main__:main:114 - I just tried a meme! It was amazing.
2025-01-13 22:07:51.019 | INFO     | __main__:main:114 - I just tried a trick! It was exciting.
2025-01-13 22:07:54.020 | INFO     | __main__:main:114 - I just shared a story! It was amazing.
2025-01-13 22:07:57.021 | INFO     | __main__:main:114 - I just loved an app! It was weird.
2025-01-13 22:08:00.023 | INFO     | __main__:main:114 - I just saw an app! It was amazing.
2025-01-13 22:08:03.024 | INFO     | __main__:main:114 - I just found a movie! It was weird.
2025-01-13 22:08:06.025 | INFO     | __main__:main:114 - I just shared a movie! It was amazing.
2025-01-13 22:08:09.027 | INFO     | __main__:main:114 - I just found an app! It was amazing.
2025-01-13 22:08:12.028 | INFO     | __main__:main:114 - I just tried a trick! It was amazing.
2025-01-13 22:08:15.030 | INFO     | __main__:main:114 - I just tried a movie! It was funny.
2025-01-13 22:08:18.030 | INFO     | __main__:main:114 - I just found a meme! It was amazing.
2025-01-13 22:08:21.031 | INFO     | __main__:main:114 - I just tried a story! It was weird.
2025-01-13 22:08:24.033 | INFO     | __main__:main:114 - I just found a meme! It was funny.
2025-01-13 22:08:27.034 | INFO     | __main__:main:114 - I just found a meme! It was funny.
2025-01-13 22:08:30.035 | INFO     | __main__:main:114 - I just shared a movie! It was funny.
2025-01-13 22:08:33.036 | INFO     | __main__:main:114 - I just shared a movie! It was funny.
2025-01-13 22:08:36.038 | INFO     | __main__:main:114 - I just saw a story! It was amazing.
2025-01-13 22:08:39.039 | INFO     | __main__:main:114 - I just shared a trick! It was exciting.
2025-01-13 22:08:42.040 | INFO     | __main__:main:114 - I just tried an app! It was boring.
2025-01-13 22:08:45.041 | INFO     | __main__:main:114 - I just tried an app! It was weird.
2025-01-13 22:08:48.042 | INFO     | __main__:main:114 - I just found a meme! It was boring.
2025-01-13 22:08:51.043 | INFO     | __main__:main:114 - I just tried a trick! It was amazing.
2025-01-13 22:08:54.044 | INFO     | __main__:main:114 - I just shared a movie! It was exciting.
2025-01-13 22:08:57.045 | INFO     | __main__:main:114 - I just shared an app! It was amazing.
2025-01-13 22:09:00.046 | INFO     | __main__:main:114 - I just shared a trick! It was weird.
2025-01-13 22:09:03.048 | INFO     | __main__:main:114 - I just shared a movie! It was weird.
2025-01-13 22:09:06.049 | INFO     | __main__:main:114 - I just shared a trick! It was exciting.
2025-01-13 22:09:09.050 | INFO     | __main__:main:114 - I just saw a movie! It was funny.
2025-01-13 22:09:12.051 | INFO     | __main__:main:114 - I just loved a movie! It was boring.
2025-01-13 22:09:15.052 | INFO     | __main__:main:114 - I just saw a meme! It was weird.
2025-01-13 22:09:18.053 | INFO     | __main__:main:114 - I just tried an app! It was exciting.
2025-01-13 22:09:21.054 | INFO     | __main__:main:114 - I just found a story! It was boring.
2025-01-13 22:09:24.055 | INFO     | __main__:main:114 - I just saw a meme! It was boring.
2025-01-13 22:09:27.056 | INFO     | __main__:main:114 - I just loved a trick! It was boring.
2025-01-13 22:09:30.058 | INFO     | __main__:main:114 - I just loved a trick! It was weird.
2025-01-13 22:09:33.059 | INFO     | __main__:main:114 - I just tried a meme! It was boring.
2025-01-13 22:09:36.060 | INFO     | __main__:main:114 - I just shared an app! It was funny.
2025-01-13 22:09:39.061 | INFO     | __main__:main:114 - I just shared a trick! It was funny.
2025-01-13 22:09:42.062 | INFO     | __main__:main:114 - I just loved a meme! It was amazing.
2025-01-13 22:09:45.063 | INFO     | __main__:main:114 - I just saw a story! It was funny.
2025-01-13 22:09:48.065 | INFO     | __main__:main:114 - I just found a meme! It was boring.
2025-01-13 22:09:51.066 | INFO     | __main__:main:114 - I just shared a movie! It was funny.
2025-01-13 22:09:54.067 | INFO     | __main__:main:114 - I just saw a story! It was exciting.
2025-01-13 22:09:57.068 | INFO     | __main__:main:114 - I just tried a movie! It was weird.
2025-01-13 22:10:00.069 | INFO     | __main__:main:114 - I just shared a story! It was funny.
2025-01-13 22:10:03.070 | INFO     | __main__:main:114 - I just loved a trick! It was amazing.
2025-01-13 22:10:06.071 | INFO     | __main__:main:114 - I just tried a meme! It was exciting.
2025-01-13 22:10:09.072 | INFO     | __main__:main:114 - I just saw an app! It was boring.
2025-01-13 22:10:12.074 | INFO     | __main__:main:114 - I just tried a story! It was exciting.
2025-01-13 22:10:15.075 | INFO     | __main__:main:114 - I just tried a story! It was funny.
2025-01-13 22:10:18.076 | INFO     | __main__:main:114 - I just tried a story! It was exciting.
2025-01-13 22:10:21.076 | INFO     | __main__:main:114 - I just saw a story! It was funny.
2025-01-13 22:10:24.078 | INFO     | __main__:main:114 - I just saw a movie! It was exciting.
2025-01-13 22:10:27.079 | INFO     | __main__:main:114 - I just shared a movie! It was exciting.
2025-01-13 22:10:30.080 | INFO     | __main__:main:114 - I just saw a trick! It was exciting.
2025-01-13 22:10:33.080 | INFO     | __main__:main:114 - I just shared an app! It was weird.
2025-01-13 22:10:36.081 | INFO     | __main__:main:114 - I just shared an app! It was funny.
2025-01-13 22:10:39.082 | INFO     | __main__:main:114 - I just found a trick! It was weird.
2025-01-13 22:10:42.083 | INFO     | __main__:main:114 - I just shared a story! It was boring.
2025-01-13 22:10:45.084 | INFO     | __main__:main:114 - I just shared a trick! It was exciting.
2025-01-13 22:10:48.085 | INFO     | __main__:main:114 - I just found a meme! It was exciting.
2025-01-13 22:10:51.086 | INFO     | __main__:main:114 - I just found a story! It was weird.
2025-01-13 22:10:54.087 | INFO     | __main__:main:114 - I just loved an app! It was funny.
2025-01-13 22:10:57.088 | INFO     | __main__:main:114 - I just saw a meme! It was weird.
2025-01-13 22:11:00.089 | INFO     | __main__:main:114 - I just found a meme! It was boring.
2025-01-13 22:11:03.090 | INFO     | __main__:main:114 - I just loved a trick! It was funny.
2025-01-13 22:11:06.092 | INFO     | __main__:main:114 - I just saw an app! It was boring.
2025-01-13 22:11:09.094 | INFO     | __main__:main:114 - I just shared a story! It was exciting.
2025-01-13 22:11:12.095 | INFO     | __main__:main:114 - I just saw a meme! It was boring.
2025-01-13 22:11:15.096 | INFO     | __main__:main:114 - I just loved an app! It was exciting.
2025-01-13 22:11:18.097 | INFO     | __main__:main:114 - I just loved a movie! It was exciting.
2025-01-13 22:11:21.098 | INFO     | __main__:main:114 - I just tried a trick! It was amazing.
2025-01-13 22:11:24.098 | INFO     | __main__:main:114 - I just shared a story! It was amazing.
2025-01-13 22:11:27.099 | INFO     | __main__:main:114 - I just tried an app! It was boring.
2025-01-13 22:11:30.099 | INFO     | __main__:main:114 - I just shared a trick! It was amazing.
2025-01-13 22:11:33.100 | INFO     | __main__:main:114 - I just loved a trick! It was amazing.
2025-01-13 22:11:36.101 | INFO     | __main__:main:114 - I just found a movie! It was weird.
2025-01-13 22:11:39.101 | INFO     | __main__:main:114 - I just saw an app! It was funny.
2025-01-13 22:11:42.102 | INFO     | __main__:main:114 - I just saw a story! It was amazing.
2025-01-13 22:11:45.102 | INFO     | __main__:main:114 - I just shared an app! It was funny.
2025-01-13 22:11:48.103 | INFO     | __main__:main:114 - I just loved a story! It was exciting.
2025-01-13 22:11:51.104 | INFO     | __main__:main:114 - I just found a movie! It was amazing.
2025-01-13 22:11:54.105 | INFO     | __main__:main:114 - I just shared a movie! It was exciting.
2025-01-13 22:11:57.106 | INFO     | __main__:main:114 - I just found a meme! It was boring.
2025-01-13 22:12:00.107 | INFO     | __main__:main:114 - I just shared a story! It was funny.
2025-01-13 22:12:03.108 | INFO     | __main__:main:114 - I just found a trick! It was funny.
2025-01-13 22:12:06.109 | INFO     | __main__:main:114 - I just tried an app! It was boring.
2025-01-13 22:12:09.111 | INFO     | __main__:main:114 - I just found an app! It was boring.
2025-01-13 22:12:12.112 | INFO     | __main__:main:114 - I just found a meme! It was exciting.
2025-01-13 22:12:15.113 | INFO     | __main__:main:114 - I just tried a trick! It was weird.
2025-01-13 22:12:18.114 | INFO     | __main__:main:114 - I just tried a meme! It was boring.
2025-01-13 22:12:21.115 | INFO     | __main__:main:114 - I just shared a meme! It was boring.
2025-01-13 22:12:24.116 | INFO     | __main__:main:114 - I just loved a trick! It was weird.
2025-01-13 22:12:27.117 | INFO     | __main__:main:114 - I just shared a story! It was funny.
2025-01-13 22:12:30.118 | INFO     | __main__:main:114 - I just found a movie! It was exciting.
2025-01-13 22:12:33.119 | INFO     | __main__:main:114 - I just tried a meme! It was exciting.
2025-01-13 22:12:36.121 | INFO     | __main__:main:114 - I just shared a trick! It was weird.
2025-01-13 22:12:39.122 | INFO     | __main__:main:114 - I just found an app! It was amazing.
2025-01-13 22:12:42.123 | INFO     | __main__:main:114 - I just loved a movie! It was amazing.
2025-01-13 22:12:45.124 | INFO     | __main__:main:114 - I just loved a story! It was exciting.
2025-01-13 22:12:48.124 | INFO     | __main__:main:114 - I just shared an app! It was funny.
2025-01-13 22:12:51.125 | INFO     | __main__:main:114 - I just found an app! It was weird.
2025-01-13 22:12:54.126 | INFO     | __main__:main:114 - I just found a trick! It was exciting.
2025-01-13 22:12:57.127 | INFO     | __main__:main:114 - I just tried an app! It was funny.
2025-01-13 22:13:00.128 | INFO     | __main__:main:114 - I just loved an app! It was boring.
2025-01-13 22:13:03.129 | INFO     | __main__:main:114 - I just found an app! It was funny.
2025-01-13 22:13:06.131 | INFO     | __main__:main:114 - I just loved a meme! It was amazing.
2025-01-13 22:13:09.132 | INFO     | __main__:main:114 - I just loved an app! It was amazing.
2025-01-13 22:13:12.133 | INFO     | __main__:main:114 - I just loved a meme! It was exciting.
2025-01-13 22:13:15.134 | INFO     | __main__:main:114 - I just loved an app! It was boring.
2025-01-13 22:13:18.135 | INFO     | __main__:main:114 - I just loved a meme! It was weird.
2025-01-13 22:13:21.136 | INFO     | __main__:main:114 - I just tried a story! It was exciting.
2025-01-13 22:13:24.137 | INFO     | __main__:main:114 - I just tried a movie! It was weird.
2025-01-13 22:13:27.138 | INFO     | __main__:main:114 - I just tried a story! It was weird.
2025-01-13 22:13:30.139 | INFO     | __main__:main:114 - I just saw a story! It was exciting.
2025-01-13 22:13:33.140 | INFO     | __main__:main:114 - I just shared an app! It was boring.
2025-01-13 22:13:36.141 | INFO     | __main__:main:114 - I just shared a meme! It was weird.
2025-01-13 22:13:39.142 | INFO     | __main__:main:114 - I just loved a trick! It was exciting.
2025-01-13 22:13:42.143 | INFO     | __main__:main:114 - I just tried a story! It was exciting.
2025-01-15 19:29:41.445 | INFO     | utils.utils_logger:<module>:38 - Logging to file: logs\project_log.log
2025-01-15 19:29:41.446 | INFO     | __main__:main:106 - START producer...
2025-01-15 19:29:41.446 | INFO     | __main__:main:107 - Hit CTRL c (or CMD c) to close.
2025-01-15 19:29:41.446 | INFO     | __main__:get_message_interval:53 - Messages will be sent every 3 seconds.
2025-01-15 19:29:41.446 | INFO     | __main__:main:114 - I just tried a story! It was amazing.
2025-01-15 19:29:44.447 | INFO     | __main__:main:114 - I just saw an app! It was weird.
2025-01-15 19:29:47.448 | INFO     | __main__:main:114 - I just found a movie! It was weird.
2025-01-15 19:29:50.461 | INFO     | __main__:main:114 - I just saw a movie! It was exciting.
2025-01-15 19:29:53.462 | INFO     | __main__:main:114 - I just saw an app! It was amazing.
2025-01-15 19:29:56.464 | INFO     | __main__:main:114 - I just saw a story! It was exciting.
2025-01-15 19:29:59.466 | INFO     | __main__:main:114 - I just loved a story! It was weird.
2025-01-15 19:30:02.468 | INFO     | __main__:main:114 - I just loved a movie! It was boring.
2025-01-15 19:30:05.471 | INFO     | __main__:main:114 - I just shared a movie! It was amazing.
2025-01-15 19:30:08.472 | INFO     | __main__:main:114 - I just loved a movie! It was weird.
2025-01-15 19:31:57.837 | INFO     | utils.utils_logger:<module>:38 - Logging to file: logs\project_log.log
2025-01-15 19:31:57.837 | INFO     | __main__:main:106 - START producer...
2025-01-15 19:31:57.837 | INFO     | __main__:main:107 - Hit CTRL c (or CMD c) to close.
2025-01-15 19:31:57.837 | INFO     | __main__:get_message_interval:53 - Messages will be sent every 3 seconds.
2025-01-15 19:31:57.838 | INFO     | __main__:main:114 - I just found a story! It was exciting.
2025-01-15 19:31:59.326 | INFO     | utils.utils_logger:<module>:38 - Logging to file: logs\project_log.log
2025-01-15 19:31:59.326 | INFO     | __main__:main:68 - START...
2025-01-15 19:31:59.326 | INFO     | __main__:main:74 - Reading file located at logs\project_log.log.
2025-01-15 19:32:00.838 | INFO     | __main__:main:114 - I just tried a movie! It was funny.
2025-01-15 19:32:03.839 | INFO     | __main__:main:114 - I just shared a movie! It was exciting.
2025-01-15 19:32:06.841 | INFO     | __main__:main:114 - I just tried a movie! It was amazing.
2025-01-15 19:32:09.841 | INFO     | __main__:main:114 - I just saw a meme! It was boring.
2025-01-15 19:32:12.843 | INFO     | __main__:main:114 - I just found a movie! It was weird.
2025-01-15 19:32:15.844 | INFO     | __main__:main:114 - I just loved a movie! It was exciting.
2025-01-15 19:32:18.845 | INFO     | __main__:main:114 - I just tried an app! It was boring.
2025-01-15 19:32:21.847 | INFO     | __main__:main:114 - I just shared a meme! It was weird.
2025-01-15 19:32:24.848 | INFO     | __main__:main:114 - I just shared a movie! It was exciting.
2025-01-15 19:32:27.850 | INFO     | __main__:main:114 - I just shared an app! It was boring.
2025-01-15 19:32:30.852 | INFO     | __main__:main:114 - I just tried an app! It was exciting.
2025-01-15 19:32:33.853 | INFO     | __main__:main:114 - I just found a meme! It was boring.
2025-01-15 19:32:36.855 | INFO     | __main__:main:114 - I just saw a trick! It was funny.
2025-01-15 19:32:39.857 | INFO     | __main__:main:114 - I just tried a trick! It was exciting.
2025-01-15 19:32:42.858 | INFO     | __main__:main:114 - I just tried a meme! It was boring.
2025-01-15 19:32:45.860 | INFO     | __main__:main:114 - I just shared a trick! It was weird.
2025-01-15 19:32:48.862 | INFO     | __main__:main:114 - I just found a movie! It was funny.
2025-01-15 19:32:51.863 | INFO     | __main__:main:114 - I just saw a movie! It was amazing.
2025-01-15 19:32:54.865 | INFO     | __main__:main:114 - I just tried an app! It was exciting.
2025-01-15 19:32:57.867 | INFO     | __main__:main:114 - I just tried an app! It was boring.
2025-01-15 19:33:00.868 | INFO     | __main__:main:114 - I just found a trick! It was amazing.
2025-01-15 19:33:03.869 | INFO     | __main__:main:114 - I just tried a meme! It was funny.
2025-01-15 19:33:06.873 | INFO     | __main__:main:114 - I just saw a story! It was boring.
2025-01-15 19:33:09.874 | INFO     | __main__:main:114 - I just shared a movie! It was amazing.
2025-01-15 19:33:12.875 | INFO     | __main__:main:114 - I just loved a meme! It was funny.
2025-01-15 19:33:15.877 | INFO     | __main__:main:114 - I just tried a story! It was boring.
2025-01-15 19:33:18.878 | INFO     | __main__:main:114 - I just loved a trick! It was exciting.
2025-01-15 19:33:21.880 | INFO     | __main__:main:114 - I just shared a movie! It was boring.
2025-01-15 19:33:24.881 | INFO     | __main__:main:114 - I just saw a trick! It was amazing.
2025-01-15 19:33:27.882 | INFO     | __main__:main:114 - I just saw a story! It was amazing.
2025-01-15 19:33:30.883 | INFO     | __main__:main:114 - I just found a movie! It was weird.
2025-01-15 19:33:33.884 | INFO     | __main__:main:114 - I just saw a meme! It was exciting.
2025-01-15 19:33:36.886 | INFO     | __main__:main:114 - I just tried a story! It was boring.
2025-01-15 19:33:39.889 | INFO     | __main__:main:114 - I just loved an app! It was weird.
2025-01-15 19:33:42.891 | INFO     | __main__:main:114 - I just tried a movie! It was weird.
2025-01-15 19:33:45.892 | INFO     | __main__:main:114 - I just found a story! It was funny.
2025-01-15 19:33:48.893 | INFO     | __main__:main:114 - I just shared a trick! It was funny.
2025-01-15 19:33:51.895 | INFO     | __main__:main:114 - I just found a meme! It was amazing.
2025-01-15 19:33:54.897 | INFO     | __main__:main:114 - I just loved an app! It was weird.
2025-01-15 19:33:57.898 | INFO     | __main__:main:114 - I just loved a meme! It was exciting.
2025-01-15 19:34:00.900 | INFO     | __main__:main:114 - I just saw a meme! It was weird.
2025-01-15 19:34:03.902 | INFO     | __main__:main:114 - I just loved a meme! It was weird.
2025-01-15 19:34:06.902 | INFO     | __main__:main:114 - I just saw a trick! It was exciting.
2025-01-15 19:34:09.904 | INFO     | __main__:main:114 - I just found a meme! It was amazing.
2025-01-15 19:34:12.905 | INFO     | __main__:main:114 - I just found a movie! It was exciting.
2025-01-15 19:34:15.907 | INFO     | __main__:main:114 - I just found a story! It was boring.
2025-01-15 19:34:18.909 | INFO     | __main__:main:114 - I just shared a movie! It was weird.
2025-01-15 19:34:21.910 | INFO     | __main__:main:114 - I just shared a movie! It was weird.
2025-01-15 19:34:24.911 | INFO     | __main__:main:114 - I just loved a story! It was exciting.
2025-01-15 19:34:27.913 | INFO     | __main__:main:114 - I just shared a meme! It was amazing.
2025-01-15 19:34:30.915 | INFO     | __main__:main:114 - I just tried a movie! It was weird.
2025-01-15 19:34:33.917 | INFO     | __main__:main:114 - I just shared a story! It was weird.
2025-01-15 19:34:36.919 | INFO     | __main__:main:114 - I just saw a movie! It was funny.
2025-01-15 19:34:39.920 | INFO     | __main__:main:114 - I just found a meme! It was amazing.
2025-01-15 19:34:42.922 | INFO     | __main__:main:114 - I just shared a meme! It was funny.
2025-01-15 19:34:45.925 | INFO     | __main__:main:114 - I just tried a meme! It was funny.
2025-01-15 19:34:48.927 | INFO     | __main__:main:114 - I just loved a meme! It was amazing.
2025-01-15 19:34:51.929 | INFO     | __main__:main:114 - I just shared a trick! It was weird.
2025-01-15 19:34:54.931 | INFO     | __main__:main:114 - I just found a meme! It was weird.
2025-01-15 19:34:57.932 | INFO     | __main__:main:114 - I just loved a trick! It was weird.
2025-01-15 19:35:00.934 | INFO     | __main__:main:114 - I just shared a trick! It was exciting.
2025-01-15 19:35:03.935 | INFO     | __main__:main:114 - I just shared a story! It was weird.
2025-01-15 19:35:06.936 | INFO     | __main__:main:114 - I just saw a trick! It was exciting.
2025-01-15 19:35:09.937 | INFO     | __main__:main:114 - I just tried a story! It was funny.
2025-01-15 19:35:12.938 | INFO     | __main__:main:114 - I just found a trick! It was funny.
2025-01-15 19:35:15.940 | INFO     | __main__:main:114 - I just shared a movie! It was boring.
2025-01-15 19:35:18.942 | INFO     | __main__:main:114 - I just found a story! It was weird.
2025-01-15 19:35:21.943 | INFO     | __main__:main:114 - I just found a story! It was amazing.
2025-01-15 19:35:24.946 | INFO     | __main__:main:114 - I just shared an app! It was exciting.
2025-01-15 19:35:27.949 | INFO     | __main__:main:114 - I just loved a trick! It was amazing.
2025-01-15 19:35:30.950 | INFO     | __main__:main:114 - I just loved a trick! It was exciting.
2025-01-15 19:35:33.952 | INFO     | __main__:main:114 - I just saw a story! It was weird.
2025-01-15 19:35:36.953 | INFO     | __main__:main:114 - I just tried an app! It was funny.
2025-01-15 19:35:39.955 | INFO     | __main__:main:114 - I just shared a trick! It was funny.
2025-01-15 19:35:42.956 | INFO     | __main__:main:114 - I just shared a meme! It was amazing.
2025-01-15 19:35:45.958 | INFO     | __main__:main:114 - I just saw an app! It was boring.
2025-01-15 19:35:48.961 | INFO     | __main__:main:114 - I just saw a trick! It was funny.
2025-01-15 19:35:51.963 | INFO     | __main__:main:114 - I just found a meme! It was weird.
2025-01-15 19:35:54.964 | INFO     | __main__:main:114 - I just saw a meme! It was boring.
2025-01-15 19:35:57.966 | INFO     | __main__:main:114 - I just tried an app! It was boring.
2025-01-15 19:36:00.967 | INFO     | __main__:main:114 - I just saw a movie! It was funny.
2025-01-15 19:36:03.970 | INFO     | __main__:main:114 - I just tried a movie! It was amazing.
2025-01-15 19:36:06.972 | INFO     | __main__:main:114 - I just shared a movie! It was funny.
2025-01-15 19:36:09.977 | INFO     | __main__:main:114 - I just found a movie! It was funny.
2025-01-15 19:36:12.984 | INFO     | __main__:main:114 - I just found a movie! It was funny.
2025-01-15 19:36:15.987 | INFO     | __main__:main:114 - I just found a story! It was funny.
2025-01-15 19:36:18.988 | INFO     | __main__:main:114 - I just shared a movie! It was boring.
2025-01-15 19:36:21.990 | INFO     | __main__:main:114 - I just loved a trick! It was exciting.
2025-01-15 19:36:24.992 | INFO     | __main__:main:114 - I just found a movie! It was amazing.
2025-01-15 19:36:27.993 | INFO     | __main__:main:114 - I just saw a story! It was boring.
2025-01-15 19:36:30.993 | INFO     | __main__:main:114 - I just found a trick! It was funny.
2025-01-15 19:36:33.995 | INFO     | __main__:main:114 - I just shared a trick! It was funny.
2025-01-15 19:36:36.996 | INFO     | __main__:main:114 - I just loved an app! It was exciting.
2025-01-15 19:36:39.998 | INFO     | __main__:main:114 - I just loved a movie! It was boring.
2025-01-15 19:36:42.999 | INFO     | __main__:main:114 - I just saw a trick! It was exciting.
2025-01-15 19:36:46.001 | INFO     | __main__:main:114 - I just found a meme! It was exciting.
2025-01-15 19:36:49.003 | INFO     | __main__:main:114 - I just found a meme! It was amazing.
2025-01-15 19:36:52.004 | INFO     | __main__:main:114 - I just tried a story! It was exciting.
2025-01-15 19:36:55.006 | INFO     | __main__:main:114 - I just saw an app! It was weird.
2025-01-15 19:36:58.007 | INFO     | __main__:main:114 - I just tried a movie! It was funny.
2025-01-15 19:37:01.009 | INFO     | __main__:main:114 - I just loved a movie! It was exciting.
2025-01-15 19:37:04.010 | INFO     | __main__:main:114 - I just loved a trick! It was amazing.
2025-01-15 19:37:07.011 | INFO     | __main__:main:114 - I just loved a movie! It was exciting.
2025-01-15 19:37:10.012 | INFO     | __main__:main:114 - I just tried a movie! It was boring.
